This is XeTeX, Version 3.14159265-2.6-0.99992 (TeX Live 2015/W32TeX) (preloaded format=xelatex 2019.3.20)  9 APR 2019 15:27
entering extended mode
 restricted \write18 enabled.
 %&-line parsing enabled.
**./main.tex
(./main.tex
LaTeX2e <2015/01/01>
Babel <3.9l> and hyphenation patterns for 79 languages loaded.
(d:/small software/texlive/2015/texmf-dist/tex/latex/ctex/ctexart.cls
(d:/small software/texlive/2015/texmf-dist/tex/latex/l3kernel/expl3.sty
Package: expl3 2015/03/01 v5547 L3 programming layer (loader) 

(d:/small software/texlive/2015/texmf-dist/tex/latex/l3kernel/expl3-code.tex
Package: expl3 2015/03/01 v5547 L3 programming layer (code) 
L3 Module: l3bootstrap 2015/02/28 v5542 L3 Bootstrap code
L3 Module: l3names 2015/02/24 v5535 L3 Namespace for primitives
L3 Module: l3basics 2015/01/27 v5500 L3 Basic definitions
L3 Module: l3expan 2014/11/27 v5472 L3 Argument expansion
L3 Module: l3tl 2015/01/27 v5500 L3 Token lists
L3 Module: l3str 2015/03/01 v5545 L3 Strings
L3 Module: l3seq 2014/08/23 v5354 L3 Sequences and stacks
L3 Module: l3int 2015/02/21 v5529 L3 Integers
\c_max_int=\count79
\l_tmpa_int=\count80
\l_tmpb_int=\count81
\g_tmpa_int=\count82
\g_tmpb_int=\count83
L3 Module: l3quark 2014/08/23 v5354 L3 Quarks
L3 Module: l3prg 2014/08/23 v5354 L3 Control structures
\g__prg_map_int=\count84
L3 Module: l3clist 2014/08/23 v5354 L3 Comma separated lists
L3 Module: l3token 2014/09/15 v5422 L3 Experimental token manipulation
L3 Module: l3prop 2014/08/23 v5354 L3 Property lists
L3 Module: l3msg 2015/02/26 v5537 L3 Messages
L3 Module: l3file 2014/08/24 v5369 L3 File and I/O operations
\l_iow_line_count_int=\count85
\l__iow_target_count_int=\count86
\l__iow_current_line_int=\count87
\l__iow_current_word_int=\count88
\l__iow_current_indentation_int=\count89
L3 Module: l3skip 2014/08/23 v5354 L3 Dimensions and skips
\c_zero_dim=\dimen102
\c_max_dim=\dimen103
\l_tmpa_dim=\dimen104
\l_tmpb_dim=\dimen105
\g_tmpa_dim=\dimen106
\g_tmpb_dim=\dimen107
\c_zero_skip=\skip41
\c_max_skip=\skip42
\l_tmpa_skip=\skip43
\l_tmpb_skip=\skip44
\g_tmpa_skip=\skip45
\g_tmpb_skip=\skip46
\c_zero_muskip=\muskip10
\c_max_muskip=\muskip11
\l_tmpa_muskip=\muskip12
\l_tmpb_muskip=\muskip13
\g_tmpa_muskip=\muskip14
\g_tmpb_muskip=\muskip15
L3 Module: l3keys 2015/01/27 v5500 L3 Key-value interfaces
\g__keyval_level_int=\count90
\l_keys_choice_int=\count91
L3 Module: l3fp 2014/08/22 v5336 L3 Floating points
\c__fp_leading_shift_int=\count92
\c__fp_middle_shift_int=\count93
\c__fp_trailing_shift_int=\count94
\c__fp_big_leading_shift_int=\count95
\c__fp_big_middle_shift_int=\count96
\c__fp_big_trailing_shift_int=\count97
\c__fp_Bigg_leading_shift_int=\count98
\c__fp_Bigg_middle_shift_int=\count99
\c__fp_Bigg_trailing_shift_int=\count100
L3 Module: l3box 2014/08/23 v5354 L3 Experimental boxes
\c_empty_box=\box26
\l_tmpa_box=\box27
\l_tmpb_box=\box28
\g_tmpa_box=\box29
\g_tmpb_box=\box30
L3 Module: l3coffins 2014/08/23 v5354 L3 Coffin code layer
\l__coffin_internal_box=\box31
\l__coffin_internal_dim=\dimen108
\l__coffin_offset_x_dim=\dimen109
\l__coffin_offset_y_dim=\dimen110
\l__coffin_x_dim=\dimen111
\l__coffin_y_dim=\dimen112
\l__coffin_x_prime_dim=\dimen113
\l__coffin_y_prime_dim=\dimen114
\c_empty_coffin=\box32
\l__coffin_aligned_coffin=\box33
\l__coffin_aligned_internal_coffin=\box34
\l_tmpa_coffin=\box35
\l_tmpb_coffin=\box36
\l__coffin_display_coffin=\box37
\l__coffin_display_coord_coffin=\box38
\l__coffin_display_pole_coffin=\box39
\l__coffin_display_offset_dim=\dimen115
\l__coffin_display_x_dim=\dimen116
\l__coffin_display_y_dim=\dimen117
L3 Module: l3color 2014/08/23 v5354 L3 Experimental color support
L3 Module: l3candidates 2015/03/01 v5544 L3 Experimental additions to l3kernel
\l__box_top_dim=\dimen118
\l__box_bottom_dim=\dimen119
\l__box_left_dim=\dimen120
\l__box_right_dim=\dimen121
\l__box_top_new_dim=\dimen122
\l__box_bottom_new_dim=\dimen123
\l__box_left_new_dim=\dimen124
\l__box_right_new_dim=\dimen125
\l__box_internal_box=\box40
\l__coffin_bounding_shift_dim=\dimen126
\l__coffin_left_corner_dim=\dimen127
\l__coffin_right_corner_dim=\dimen128
\l__coffin_bottom_corner_dim=\dimen129
\l__coffin_top_corner_dim=\dimen130
\l__coffin_scaled_total_height_dim=\dimen131
\l__coffin_scaled_width_dim=\dimen132
)
(d:/small software/texlive/2015/texmf-dist/tex/latex/l3kernel/l3unicode-data.de
f
File: l3unicode-data.def 2015/03/01 v5544 L3 Unicode data
)
(d:/small software/texlive/2015/texmf-dist/tex/latex/l3kernel/l3xdvipdfmx.def
File: l3xdvidpfmx.def 2015/03/01 v5544 L3 Experimental driver: xdvipdfmx
))
Document Class: ctexart 2015/05/16 v2.0.2 Chinese adapter for class article (CT
EX)

(d:/small software/texlive/2015/texmf-dist/tex/latex/l3packages/xparse/xparse.s
ty
Package: xparse 2014/11/25 v5471 L3 Experimental document command parser
\l__xparse_current_arg_int=\count101
\l__xparse_m_args_int=\count102
\l__xparse_mandatory_args_int=\count103
\l__xparse_processor_int=\count104
\l__xparse_v_nesting_int=\count105
)
(d:/small software/texlive/2015/texmf-dist/tex/latex/l3packages/l3keys2e/l3keys
2e.sty
Package: l3keys2e 2014/11/25 v5471 LaTeX2e option processing using LaTeX3 keys
)
(d:/small software/texlive/2015/texmf-dist/tex/latex/etoolbox/etoolbox.sty
Package: etoolbox 2015/05/04 v2.2 e-TeX tools for LaTeX (JAW)
\etb@tempcnta=\count106
)
(d:/small software/texlive/2015/texmf-dist/tex/generic/oberdiek/ifpdf.sty
Package: ifpdf 2011/01/30 v2.3 Provides the ifpdf switch (HO)
Package ifpdf Info: pdfTeX in PDF mode is not detected.
)
(d:/small software/texlive/2015/texmf-dist/tex/latex/base/fix-cm.sty
Package: fix-cm 2015/01/14 v1.1t fixes to LaTeX

(d:/small software/texlive/2015/texmf-dist/tex/latex/base/ts1enc.def
File: ts1enc.def 2001/06/05 v3.0e (jk/car/fm) Standard LaTeX file
))
(d:/small software/texlive/2015/texmf-dist/tex/latex/ms/everysel.sty
Package: everysel 2011/10/28 v1.2 EverySelectfont Package (MS)
)
\l__ctex_tmp_int=\count107
\l__ctex_tmp_dim=\dimen133
\l__ctex_tmp_box=\box41
\g__file_internal_ior=\read1

(d:/small software/texlive/2015/texmf-dist/tex/latex/ctex/config/ctexopts.cfg
File: ctexopts.cfg 2015/05/16 v2.0.2 Option configuration file (CTEX)
)
(d:/small software/texlive/2015/texmf-dist/tex/latex/base/article.cls
Document Class: article 2014/09/29 v1.4h Standard LaTeX document class
(d:/small software/texlive/2015/texmf-dist/tex/latex/base/size10.clo
File: size10.clo 2014/09/29 v1.4h Standard LaTeX file (size option)
)
\c@part=\count108
\c@section=\count109
\c@subsection=\count110
\c@subsubsection=\count111
\c@paragraph=\count112
\c@subparagraph=\count113
\c@figure=\count114
\c@table=\count115
\abovecaptionskip=\skip47
\belowcaptionskip=\skip48
\bibindent=\dimen134
)
.................................................
. LaTeX info: "xparse/define-command"
. 
. Defining command \ctexset with sig. '+m' on line 474.
.................................................
.................................................
. LaTeX info: "xparse/define-command"
. 
. Defining command \CTEXsetup with sig. '+o>{\TrimSpaces }m' on line 480.
.................................................
.................................................
. LaTeX info: "xparse/define-command"
. 
. Defining command \CTEXoptions with sig. '+o' on line 486.
.................................................

(d:/small software/texlive/2015/texmf-dist/tex/latex/ctex/engine/ctex-engine-xe
tex.def
File: ctex-engine-xetex.def 2015/05/16 v2.0.2 XeLaTeX adapter (CTEX)
 (d:/small software/texlive/2015/texmf-dist/tex/xelatex/xecjk/xeCJK.sty
Package: xeCJK 2015/05/15 v3.3.2 Typesetting CJK scripts with XeLaTeX

(d:/small software/texlive/2015/texmf-dist/tex/latex/l3packages/xtemplate/xtemp
late.sty
Package: xtemplate 2014/11/25 v5471 L3 Experimental prototype document function
s
\l__xtemplate_tmp_dim=\dimen135
\l__xtemplate_tmp_int=\count116
\l__xtemplate_tmp_muskip=\muskip16
\l__xtemplate_tmp_skip=\skip49
Variant \prop_get:NoNTF already defined; not changing it on line 106
Variant \prop_get:NoNT already defined; not changing it on line 107
Variant \prop_get:NoNF already defined; not changing it on line 108
)
\l__xeCJK_tmp_int=\count117
\l__xeCJK_tmp_box=\box42
\l__xeCJK_tmp_dim=\dimen136
\l__xeCJK_tmp_skip=\skip50
.................................................
. LaTeX info: "xparse/define-command"
. 
. Defining command \xeCJKShipoutHook with sig. '' on line 151.
.................................................
\g__xeCJK_spacefactor_int=\count118
\l__xeCJK_begin_int=\count119
\l__xeCJK_end_int=\count120
.................................................
. LaTeX info: "xparse/define-command"
. 
. Defining command \makexeCJKactive with sig. '' on line 383.
.................................................
.................................................
. LaTeX info: "xparse/define-command"
. 
. Defining command \makexeCJKinactive with sig. '' on line 384.
.................................................
\c__xeCJK_HalfLeft_class_int=\XeTeXcharclass4
\c__xeCJK_HalfRight_class_int=\XeTeXcharclass5
\c__xeCJK_NormalSpace_class_int=\XeTeXcharclass6
\c__xeCJK_CM_class_int=\XeTeXcharclass7
\c__xeCJK_HangulJamo_class_int=\XeTeXcharclass8
.................................................
. LaTeX info: "xparse/define-command"
. 
. Defining command \xeCJKDeclareCharClass with sig. 's>{\TrimSpaces }mm' on
. line 543.
.................................................
.................................................
. LaTeX info: "xparse/define-command"
. 
. Defining command \__xeCJK_set_char_class_aux:Nnw with sig.
. 'm>{\SplitArgument {1}{->}}m' on line 560.
.................................................
.................................................
. LaTeX info: "xparse/define-command"
. 
. Defining command \normalspacedchars with sig. 'm' on line 602.
.................................................
.................................................
. LaTeX info: "xparse/define-command"
. 
. Defining command \xeCJKResetPunctClass with sig. '' on line 609.
.................................................
.................................................
. LaTeX info: "xparse/define-command"
. 
. Defining command \xeCJKResetCharClass with sig. '' on line 617.
.................................................
\g__xeCJK_node_int=\count121
\c__xeCJK_CJK_node_dim=\dimen137
\c__xeCJK_CJK-space_node_dim=\dimen138
\c__xeCJK_default_node_dim=\dimen139
\c__xeCJK_default-space_node_dim=\dimen140
\c__xeCJK_CJK-widow_node_dim=\dimen141
\c__xeCJK_normalspace_node_dim=\dimen142
\l__xeCJK_ccglue_skip=\skip51
\l__xeCJK_ecglue_skip=\skip52
.................................................
. LaTeX info: "xparse/define-command"
. 
. Defining command \xeCJKnobreak with sig. '' on line 1394.
.................................................
\l__xeCJK_widow_penalty_int=\count122
.................................................
. LaTeX info: "xparse/define-command"
. 
. Defining command \xeCJKDeclareSubCJKBlock with sig. 's>{\TrimSpaces
. }m>{\TrimSpaces }m' on line 1590.
.................................................
.................................................
. LaTeX info: "xparse/define-command"
. 
. Defining command \xeCJKCancelSubCJKBlock with sig. 'sm' on line 1601.
.................................................
.................................................
. LaTeX info: "xparse/define-command"
. 
. Defining command \xeCJKRestoreSubCJKBlock with sig. 'sm' on line 1610.
.................................................
.................................................
. LaTeX info: "xparse/define-command"
. 
. Defining command \xeCJKsetwidth with sig. 'smm' on line 1708.
.................................................
.................................................
. LaTeX info: "xparse/define-command"
. 
. Defining command \xeCJKsetkern with sig. 'mmm' on line 1712.
.................................................
.................................................
. xtemplate info: "declare-object-type"
. 
. Declaring object type 'xeCJK/punctuation' taking \c_zero  argument(s) on
. line 1813.
.................................................
\l__xeCJK_fixed_punct_width_dim=\dimen143
\l__xeCJK_mixed_punct_width_dim=\dimen144
\l__xeCJK_middle_punct_width_dim=\dimen145
\l__xeCJK_fixed_margin_width_dim=\dimen146
\l__xeCJK_mixed_margin_width_dim=\dimen147
\l__xeCJK_middle_margin_width_dim=\dimen148
\l__xeCJK_bound_punct_width_dim=\dimen149
\l__xeCJK_bound_margin_width_dim=\dimen150
\l__xeCJK_margin_minimum_dim=\dimen151
\l__xeCJK_kerning_total_width_dim=\dimen152
\l__xeCJK_same_align_margin_dim=\dimen153
\l__xeCJK_different_align_margin_dim=\dimen154
\l__xeCJK_kerning_margin_width_dim=\dimen155
\l__xeCJK_kerning_margin_minimum_dim=\dimen156
\l__xeCJK_bound_dim=\dimen157
\l__xeCJK_reverse_bound_dim=\dimen158
.................................................
. LaTeX info: "xparse/define-command"
. 
. Defining command \xeCJKDeclarePunctStyle with sig. '>{\TrimSpaces }mm' on
. line 2298.
.................................................
.................................................
. LaTeX info: "xparse/define-command"
. 
. Defining command \xeCJKEditPunctStyle with sig. '>{\TrimSpaces }mm' on line
. 2311.
.................................................
.................................................
. LaTeX info: "xparse/define-command"
. 
. Defining command \setCJKfallbackfamilyfont with sig. 'mO{}m' on line 2399.
.................................................
\g__xeCJK_family_int=\count123
.................................................
. LaTeX info: "xparse/define-command"
. 
. Defining command \CJKfamily with sig. 't+t-m' on line 2823.
.................................................
.................................................
. LaTeX info: "xparse/define-command"
. 
. Defining command \__xeCJK_gobble_CJKfamily:wn with sig. 't+t-m' on line
. 2837.
.................................................
.................................................
. LaTeX info: "xparse/define-command"
. 
. Defining command \setCJKmainfont with sig. 'O{}m' on line 2887.
.................................................
.................................................
. LaTeX info: "xparse/define-command"
. 
. Defining command \setCJKsansfont with sig. 'O{}m' on line 2893.
.................................................
.................................................
. LaTeX info: "xparse/define-command"
. 
. Defining command \setCJKmonofont with sig. 'O{}m' on line 2898.
.................................................
.................................................
. LaTeX info: "xparse/define-command"
. 
. Defining command \setCJKfamilyfont with sig. 'mO{}m' on line 2905.
.................................................
.................................................
. LaTeX info: "xparse/define-command"
. 
. Defining command \newCJKfontfamily with sig. 'omO{}m' on line 2911.
.................................................
.................................................
. LaTeX info: "xparse/define-command"
. 
. Defining command \CJKfontspec with sig. 'O{}m' on line 2916.
.................................................
.................................................
. LaTeX info: "xparse/define-command"
. 
. Defining command \defaultCJKfontfeatures with sig. 'm' on line 2939.
.................................................
.................................................
. LaTeX info: "xparse/define-command"
. 
. Defining command \addCJKfontfeatures with sig. 'sO{}m' on line 2945.
.................................................
.................................................
. LaTeX info: "xparse/define-command"
. 
. Defining command \setCJKmathfont with sig. 'O{}m' on line 3115.
.................................................
\l__xeCJK_verb_case_int=\count124
.................................................
. LaTeX info: "xparse/define-command"
. 
. Defining command \xeCJKVerbAddon with sig. '' on line 3268.
.................................................
.................................................
. LaTeX info: "xparse/define-command"
. 
. Defining command \xeCJKOffVerbAddon with sig. '' on line 3272.
.................................................
\l__xeCJK_verb_exspace_skip=\skip53

(d:/small software/texlive/2015/texmf-dist/tex/latex/fontspec/fontspec.sty
Package: fontspec 2015/03/14 v2.4c Font selection for XeLaTeX and LuaLaTeX
\l_fontspec_script_int=\count125
\l_fontspec_language_int=\count126
\l_fontspec_strnum_int=\count127
\l__fontspec_tmpa_dim=\dimen159
\l__fontspec_tmpb_dim=\dimen160
\l__fontspec_tmpc_dim=\dimen161
Variant \tl_gset:cV already defined; not changing it on line 71

(d:/small software/texlive/2015/texmf-dist/tex/latex/fontspec/fontspec-patches.
sty
Package: fontspec-patches 2015/03/14 v2.4c Font selection for XeLaTeX and LuaLa
TeX
LaTeX Info: Redefining \em on input line 49.
LaTeX Info: Redefining \emph on input line 57.
LaTeX Info: Redefining \- on input line 60.
.................................................
. LaTeX info: "xparse/redefine-command"
. 
. Redefining command \oldstylenums with sig. 'm' on line 155.
.................................................
.................................................
. LaTeX info: "xparse/define-command"
. 
. Defining command \liningnums with sig. 'm' on line 159.
.................................................
)
(d:/small software/texlive/2015/texmf-dist/tex/latex/fontspec/fontspec-xetex.st
y
Package: fontspec-xetex 2015/03/14 v2.4c Font selection for XeLaTeX and LuaLaTe
X
 (d:/small software/texlive/2015/texmf-dist/tex/latex/base/fontenc.sty
Package: fontenc 2005/09/27 v1.99g Standard LaTeX package

(d:/small software/texlive/2015/texmf-dist/tex/latex/euenc/eu1enc.def
File: eu1enc.def 2010/05/27 v0.1h Experimental Unicode font encodings
)
LaTeX Font Info:    Try loading font information for EU1+lmr on input line 105.


(d:/small software/texlive/2015/texmf-dist/tex/latex/euenc/eu1lmr.fd
File: eu1lmr.fd 2009/10/30 v1.6 Font defs for Latin Modern
))
(d:/small software/texlive/2015/texmf-dist/tex/xelatex/xunicode/xunicode.sty
File: xunicode.sty 2011/09/09 v0.981 provides access to latin accents and many 
other characters in Unicode lower plane

(d:/small software/texlive/2015/texmf-dist/tex/latex/tipa/t3enc.def
File: t3enc.def 2001/12/31 T3 encoding
LaTeX Font Info:    Try loading font information for EU1+lmss on input line 357
.

(d:/small software/texlive/2015/texmf-dist/tex/latex/euenc/eu1lmss.fd
File: eu1lmss.fd 2009/10/30 v1.6 Font defs for Latin Modern
))
\tipaTiiicode=\count128
\tipasavetokens=\toks14
\tipachecktokens=\toks15

(d:/small software/texlive/2015/texmf-dist/tex/latex/graphics/graphicx.sty
Package: graphicx 2014/10/28 v1.0g Enhanced LaTeX Graphics (DPC,SPQR)

(d:/small software/texlive/2015/texmf-dist/tex/latex/graphics/keyval.sty
Package: keyval 2014/10/28 v1.15 key=value parser (DPC)
\KV@toks@=\toks16
)
(d:/small software/texlive/2015/texmf-dist/tex/latex/graphics/graphics.sty
Package: graphics 2014/10/28 v1.0p Standard LaTeX Graphics (DPC,SPQR)

(d:/small software/texlive/2015/texmf-dist/tex/latex/graphics/trig.sty
Package: trig 1999/03/16 v1.09 sin cos tan (DPC)
)
(d:/small software/texlive/2015/texmf-dist/tex/latex/latexconfig/graphics.cfg
File: graphics.cfg 2010/04/23 v1.9 graphics configuration of TeX Live
)
Package graphics Info: Driver file: xetex.def on input line 94.

(d:/small software/texlive/2015/texmf-dist/tex/xelatex/xetex-def/xetex.def
File: xetex.def 2015/03/25 v4.04 LaTeX color/graphics driver for XeTeX (TeX Liv
e/RRM/JK)
))
\Gin@req@height=\dimen162
\Gin@req@width=\dimen163
))
.................................................
. LaTeX info: "xparse/define-command"
. 
. Defining command \__fontspec_post_arg:w with sig. 'mmO{}' on line 42.
.................................................
.................................................
. LaTeX info: "xparse/define-command"
. 
. Defining command \fontspec with sig. 'om' on line 44.
.................................................
.................................................
. LaTeX info: "xparse/define-command"
. 
. Defining command \setmainfont with sig. 'om' on line 54.
.................................................
.................................................
. LaTeX info: "xparse/define-command"
. 
. Defining command \setsansfont with sig. 'om' on line 64.
.................................................
.................................................
. LaTeX info: "xparse/define-command"
. 
. Defining command \setmonofont with sig. 'om' on line 74.
.................................................
.................................................
. LaTeX info: "xparse/define-command"
. 
. Defining command \setmathrm with sig. 'om' on line 88.
.................................................
.................................................
. LaTeX info: "xparse/define-command"
. 
. Defining command \setboldmathrm with sig. 'om' on line 96.
.................................................
.................................................
. LaTeX info: "xparse/define-command"
. 
. Defining command \setmathsf with sig. 'om' on line 104.
.................................................
.................................................
. LaTeX info: "xparse/define-command"
. 
. Defining command \setmathtt with sig. 'om' on line 112.
.................................................
.................................................
. LaTeX info: "xparse/define-command"
. 
. Defining command \newfontfamily with sig. 'mom' on line 126.
.................................................
.................................................
. LaTeX info: "xparse/define-command"
. 
. Defining command \newfontface with sig. 'mom' on line 141.
.................................................
.................................................
. LaTeX info: "xparse/define-command"
. 
. Defining command \defaultfontfeatures with sig. 't+om' on line 155.
.................................................
.................................................
. LaTeX info: "xparse/define-command"
. 
. Defining command \addfontfeatures with sig. 'm' on line 210.
.................................................
.................................................
. LaTeX info: "xparse/define-command"
. 
. Defining command \newfontfeature with sig. 'mm' on line 221.
.................................................
.................................................
. LaTeX info: "xparse/define-command"
. 
. Defining command \newAATfeature with sig. 'mmmm' on line 229.
.................................................
.................................................
. LaTeX info: "xparse/define-command"
. 
. Defining command \newopentypefeature with sig. 'mmm' on line 237.
.................................................
.................................................
. LaTeX info: "xparse/define-command"
. 
. Defining command \aliasfontfeature with sig. 'mm' on line 261.
.................................................
.................................................
. LaTeX info: "xparse/define-command"
. 
. Defining command \aliasfontfeatureoption with sig. 'mmm' on line 270.
.................................................
.................................................
. LaTeX info: "xparse/define-command"
. 
. Defining command \newfontscript with sig. 'mm' on line 275.
.................................................
.................................................
. LaTeX info: "xparse/define-command"
. 
. Defining command \newfontlanguage with sig. 'mm' on line 301.
.................................................
.................................................
. LaTeX info: "xparse/define-command"
. 
. Defining command \DeclareFontsExtensions with sig. 'm' on line 321.
.................................................
Variant \prop_gput:cnV already defined; not changing it on line 704
Variant \prop_gput:cnx already defined; not changing it on line 705
\l__fontspec_tmp_int=\count129
LaTeX Info: Redefining \itshape on input line 2232.
LaTeX Info: Redefining \slshape on input line 2237.
LaTeX Info: Redefining \scshape on input line 2242.
LaTeX Info: Redefining \upshape on input line 2247.

(d:/small software/texlive/2015/texmf-dist/tex/latex/fontspec/fontspec.cfg)))
(d:/small software/texlive/2015/texmf-dist/tex/xelatex/xecjk/xunicode-addon.sty
Package: xunicode-addon 2015/05/15 v3.3.2 addon file for xunicode
.................................................
. LaTeX info: "xparse/redefine-command"
. 
. Redefining command \ReloadXunicode with sig. 'm' on line 89.
.................................................
.................................................
. LaTeX info: "xparse/redefine-command"
. 
. Redefining command \DeclareUTFmathsymbols with sig. 'm' on line 124.
.................................................
.................................................
. LaTeX info: "xparse/redefine-command"
. 
. Redefining command \UseMathAsText with sig. '' on line 133.
.................................................
.................................................
. LaTeX info: "xparse/redefine-command"
. 
. Redefining command \UndeclareUTFcharacter with sig. 'O{\UTFencname }mm' on
. line 168.
.................................................
.................................................
. LaTeX info: "xparse/redefine-command"
. 
. Redefining command \UndeclareUTFcomposite with sig. 'O{\UTFencname }mmm' on
. line 175.
.................................................
.................................................
. LaTeX info: "xparse/redefine-command"
. 
. Redefining command \DeclareUTFcharacter with sig. 'O{\UTFencname }mm' on
. line 202.
.................................................
.................................................
. LaTeX info: "xparse/define-command"
. 
. Defining command \DeclareUTFSymbol with sig. 'mO{\UTFencname }m' on line
. 228.
.................................................
.................................................
. LaTeX info: "xparse/define-command"
. 
. Defining command \DeclareUTFCommand with sig. 'mO{\UTFencname }m' on line
. 230.
.................................................
.................................................
. LaTeX info: "xparse/redefine-command"
. 
. Redefining command \DeclareUTFcomposite with sig. 'O{\UTFencname }mmm' on
. line 273.
.................................................
.................................................
. LaTeX info: "xparse/define-command"
. 
. Defining command \DeclareUTFCompositeCommand with sig. 'mO{\UTFencname }mm'
. on line 286.
.................................................
.................................................
. LaTeX info: "xparse/define-command"
. 
. Defining command \DeclareUTFCompositeSymbol with sig. 'mO{\UTFencname }mm'
. on line 291.
.................................................
.................................................
. LaTeX info: "xparse/define-command"
. 
. Defining command \DeclareUTFComposite with sig. 'mO{\UTFencname }' on line
. 293.
.................................................
.................................................
. LaTeX info: "xparse/define-command"
. 
. Defining command \DeclareUTFEncodedAccent with sig. 'mO{\UTFencname }mm' on
. line 295.
.................................................
.................................................
. LaTeX info: "xparse/define-command"
. 
. Defining command \DeclareUTFEncodedAccents with sig. 'mO{\UTFencname }mm' on
. line 297.
.................................................
.................................................
. LaTeX info: "xparse/define-command"
. 
. Defining command \DeclareUTFEncodedSymbol with sig. 'mO{\UTFencname }mm' on
. line 299.
.................................................
.................................................
. LaTeX info: "xparse/define-command"
. 
. Defining command \DeclareUTFEncodedCircle with sig. 'mO{\UTFencname }mm' on
. line 301.
.................................................
.................................................
. LaTeX info: "xparse/redefine-command"
. 
. Redefining command \DeclareEncodedCompositeCharacter with sig. 'mmmm' on
. line 303.
.................................................
.................................................
. LaTeX info: "xparse/redefine-command"
. 
. Redefining command \DeclareEncodedCompositeAccents with sig. 'mmmm' on line
. 305.
.................................................
.................................................
. LaTeX info: "xparse/define-command"
. 
. Defining command \DeclareUTFDoubleEncodedAccent with sig. 'mO{\UTFencname
. }mm' on line 307.
.................................................
.................................................
. LaTeX info: "xparse/define-command"
. 
. Defining command \DeclareUTFDoubleEncodedSymbol with sig. 'mO{\UTFencname
. }mm' on line 309.
.................................................
\l__xunadd_tmp_coffin=\box43
\l__xunadd_circle_coffin=\box44
.................................................
. LaTeX info: "xparse/define-command"
. 
. Defining command \settextcircledratio with sig. 'm' on line 460.
.................................................
.................................................
. LaTeX info: "xparse/define-command"
. 
. Defining command \AtBeginUTFCommand with sig. 'sO{}+m' on line 529.
.................................................
.................................................
. LaTeX info: "xparse/define-command"
. 
. Defining command \AtEndUTFCommand with sig. 'sO{}+m' on line 539.
.................................................
.................................................
. LaTeX info: "xparse/define-command"
. 
. Defining command \DeclareUTFTIPACommand with sig. 'O{\UTFencname }m' on line
. 571.
.................................................
) (d:/small software/texlive/2015/texmf-dist/tex/xelatex/xunicode/xunicode.sty
File: xunicode.sty 2011/09/09 v0.981 provides access to latin accents and many 
other characters in Unicode lower plane

*** Reloading Xunicode for encoding 'EU1' ***
)
(d:/small software/texlive/2015/texmf-dist/tex/xelatex/xecjk/xunicode-extra.def
File: xunicode-extra.def 2015/05/15 v3.3.2 extra definition for xunicode
)
.................................................
. LaTeX info: "xparse/define-command"
. 
. Defining command \xeCJKsetup with sig. '+m' on line 3572.
.................................................
.................................................
. LaTeX info: "xparse/define-command"
. 
. Defining command \xeCJKsetemboldenfactor with sig. 'm' on line 3574.
.................................................
.................................................
. LaTeX info: "xparse/define-command"
. 
. Defining command \xeCJKsetslantfactor with sig. 'm' on line 3576.
.................................................
.................................................
. LaTeX info: "xparse/define-command"
. 
. Defining command \punctstyle with sig. 'm' on line 3577.
.................................................
.................................................
. LaTeX info: "xparse/define-command"
. 
. Defining command \xeCJKplainchr with sig. '' on line 3578.
.................................................
.................................................
. LaTeX info: "xparse/define-command"
. 
. Defining command \CJKsetecglue with sig. 'm' on line 3579.
.................................................
.................................................
. LaTeX info: "xparse/define-command"
. 
. Defining command \CJKspace with sig. '' on line 3581.
.................................................
.................................................
. LaTeX info: "xparse/define-command"
. 
. Defining command \CJKnospace with sig. '' on line 3582.
.................................................
.................................................
. LaTeX info: "xparse/define-command"
. 
. Defining command \xeCJKallowbreakbetweenpuncts with sig. '' on line 3584.
.................................................
.................................................
. LaTeX info: "xparse/define-command"
. 
. Defining command \xeCJKnobreakbetweenpuncts with sig. '' on line 3586.
.................................................
.................................................
. LaTeX info: "xparse/define-command"
. 
. Defining command \xeCJKenablefallback with sig. '' on line 3588.
.................................................
.................................................
. LaTeX info: "xparse/define-command"
. 
. Defining command \xeCJKdisablefallback with sig. '' on line 3590.
.................................................
.................................................
. LaTeX info: "xparse/define-command"
. 
. Defining command \xeCJKsetcharclass with sig. 'mmm' on line 3595.
.................................................
.................................................
. LaTeX info: "xparse/redefine-command"
. 
. Redefining command \nobreakspace with sig. '' on line 3714.
.................................................
.................................................
. LaTeX info: "xparse/redefine-command"
. 
. Redefining command \fontfamily with sig. 'm' on line 3760.
.................................................
 (d:/small software/texlive/2015/texmf-dist/tex/xelatex/xecjk/xeCJK.cfg
File: xeCJK.cfg 2015/05/15 v3.3.2 Configuration file for xeCJK package
))
(d:/small software/texlive/2015/texmf-dist/tex/xelatex/xecjk/xeCJKfntef.sty
Package: xeCJKfntef 2015/05/15 v3.3.2 xeCJK font effect

(d:/small software/texlive/2015/texmf-dist/tex/generic/ulem/ulem.sty
\UL@box=\box45
\UL@hyphenbox=\box46
\UL@skip=\skip54
\UL@hook=\toks17
\UL@height=\dimen164
\UL@pe=\count130
\UL@pixel=\dimen165
\ULC@box=\box47
Package: ulem 2012/05/18
\ULdepth=\dimen166
)
(d:/small software/texlive/2015/texmf-dist/tex/latex/environ/environ.sty
Package: environ 2014/05/04 v0.3 A new way to define environments

(d:/small software/texlive/2015/texmf-dist/tex/latex/trimspaces/trimspaces.sty
Package: trimspaces 2009/09/17 v1.1 Trim spaces around a token list
)
\@envbody=\toks18
)
(d:/small software/texlive/2015/texmf-dist/tex/latex/cjk/texinput/CJKfntef.sty
Package: CJKfntef 2015/04/18 4.8.4
\CJK@fntefSkip=\skip55
\CJK@nest=\count131
\CJK@fntefDimen=\dimen167
\CJK@underdotBox=\box48
\CJK@ULbox=\box49
\CJK@underanyskip=\dimen168
)
\l__xeCJK_space_skip=\skip56
\c__xeCJK_ulem-left_node_dim=\dimen169
\c__xeCJK_null_box=\box50
.................................................
. LaTeX info: "xparse/define-command"
. 
. Defining command \xeCJKfntefon with sig. 'st-so' on line 590.
.................................................
.................................................
. LaTeX info: "xparse/redefine-command"
. 
. Redefining command \CJKunderline with sig. 'st-so' on line 609.
.................................................
.................................................
. LaTeX info: "xparse/redefine-command"
. 
. Redefining command \varCJKunderline with sig. '' on line 611.
.................................................
.................................................
. LaTeX info: "xparse/redefine-command"
. 
. Redefining command \CJKunderwave with sig. 'st-so' on line 621.
.................................................
.................................................
. LaTeX info: "xparse/redefine-command"
. 
. Redefining command \CJKunderdblline with sig. 'st-so' on line 645.
.................................................
.................................................
. LaTeX info: "xparse/redefine-command"
. 
. Redefining command \CJKsout with sig. 'st-so' on line 664.
.................................................
.................................................
. LaTeX info: "xparse/redefine-command"
. 
. Redefining command \CJKxout with sig. 'st-so' on line 681.
.................................................
.................................................
. LaTeX info: "xparse/redefine-command"
. 
. Redefining command \CJKunderanyline with sig. 'st-somm' on line 702.
.................................................
\l__xeCJK_fntef_box=\box51
.................................................
. LaTeX info: "xparse/redefine-command"
. 
. Redefining command \CJKunderanysymbol with sig. 'ommm' on line 874.
.................................................
.................................................
. LaTeX info: "xparse/redefine-command"
. 
. Redefining command \CJKunderdot with sig. 'om' on line 883.
.................................................
\l__xeCJK_under_symbol_box=\box52
.................................................
. LaTeX info: "xparse/redefine-environment"
. 
. Redefining environment 'CJKfilltwosides' with sig. 'O{c}m' on line 977.
.................................................
\c__xeCJK_filll_skip=\skip57
)
\ccwd=\dimen170
\l__ctex_ccglue_skip=\skip58
)
.................................................
. LaTeX info: "xparse/define-command"
. 
. Defining command \CTEXsetfont with sig. '' on line 525.
.................................................
.................................................
. LaTeX info: "xparse/define-command"
. 
. Defining command \ziju with sig. 'm' on line 597.
.................................................
\l__ctex_ziju_dim=\dimen171
.................................................
. LaTeX info: "xparse/define-command"
. 
. Defining command \CTEXindent with sig. '' on line 638.
.................................................
.................................................
. LaTeX info: "xparse/define-command"
. 
. Defining command \CTEXnoindent with sig. '' on line 644.
.................................................
 (d:/small software/texlive/2015/texmf-dist/tex/latex/zhnumber/zhnumber.sty
Package: zhnumber 2014/09/13 v2.1 Typesetting numbers with Chinese glyphs
.................................................
. LaTeX info: "xparse/define-command"
. 
. Defining command \zhnumber with sig. '+o+m' on line 45.
.................................................
.................................................
. LaTeX info: "xparse/define-command"
. 
. Defining command \zhnumberwithoptions with sig. '+m+m' on line 52.
.................................................
.................................................
. LaTeX info: "xparse/define-command"
. 
. Defining command \zhnum with sig. '+o+m' on line 106.
.................................................
.................................................
. LaTeX info: "xparse/define-command"
. 
. Defining command \zhnumwithoptions with sig. '+m+m' on line 113.
.................................................
.................................................
. LaTeX info: "xparse/define-command"
. 
. Defining command \zhdigits with sig. '+s+o+m' on line 289.
.................................................
.................................................
. LaTeX info: "xparse/define-command"
. 
. Defining command \zhdigitswithoptions with sig. '+m+m+m' on line 296.
.................................................
.................................................
. LaTeX info: "xparse/define-command"
. 
. Defining command \zhdate with sig. '+s+m' on line 355.
.................................................
\l__zhnum_scale_int=\count132
.................................................
. LaTeX info: "xparse/define-command"
. 
. Defining command \zhnumExtendScaleMap with sig. '>{\TrimSpaces }+o+m' on
. line 468.
.................................................
.................................................
. LaTeX info: "xparse/define-command"
. 
. Defining command \zhnumsetup with sig. '+m' on line 800.
.................................................

(d:/small software/texlive/2015/texmf-dist/tex/latex/zhnumber/config/zhnumber-u
tf8.cfg
File: zhnumber-utf8.cfg 2014/09/13 v2.1 Chinese numerals with UTF8 encoding
))
.................................................
. LaTeX info: "xparse/define-command"
. 
. Defining command \CTEXnumber with sig. 'mm' on line 651.
.................................................
.................................................
. LaTeX info: "xparse/define-command"
. 
. Defining command \CTEXdigits with sig. 'mm' on line 653.
.................................................
.................................................
. LaTeX info: "xparse/define-command"
. 
. Defining command \ctex_assign_heading_name:nn with sig. 'm>{\SplitArgument
. {\c_one }{,}}+m' on line 756.
.................................................
.................................................
. LaTeX info: "xparse/redefine-command"
. 
. Redefining command \refstepcounter with sig. 'm' on line 967.
.................................................

(d:/small software/texlive/2015/texmf-dist/tex/latex/ctex/scheme/ctex-scheme-ch
inese-article.def
File: ctex-scheme-chinese-article.def 2015/05/16 v2.0.2 Chinese scheme for arti
cle (CTEX)

(d:/small software/texlive/2015/texmf-dist/tex/latex/ctex/config/ctex-name-utf8
.cfg
File: ctex-name-utf8.cfg 2015/05/16 v2.0.2 Caption with encoding UTF8 (CTEX)
))
.................................................
. LaTeX info: "xparse/define-command"
. 
. Defining command \zihao with sig. 'm' on line 970.
.................................................

(d:/small software/texlive/2015/texmf-dist/tex/latex/ctex/ctex-c5size.clo
File: ctex-c5size.clo 2015/05/16 v2.0.2 c5size option (CTEX)
)
.................................................
. LaTeX info: "xparse/define-command"
. 
. Defining command \CTeX with sig. '' on line 1074.
.................................................

(d:/small software/texlive/2015/texmf-dist/tex/latex/ctex/fontset/ctex-fontset-
windows.def
File: ctex-fontset-windows.def 2015/05/16 v2.0.2 Windows fonts definition (CTEX
)

(d:/small software/texlive/2015/texmf-dist/tex/latex/ctex/fontset/ctex-fontset-
windowsnew.def
File: ctex-fontset-windowsnew.def 2015/05/16 v2.0.2 Windows fonts definition fo
r Vista or later version (CTEX)
\g__fontspec_family_SimSun_int=\count133
.................................................
. fontspec info: "no-font-shape"
. 
. Could not resolve font KaiTi/B (it probably doesn't exist).
.................................................
.................................................
. fontspec info: "no-font-shape"
. 
. Could not resolve font SimHei/I (it probably doesn't exist).
.................................................
.................................................
. fontspec info: "no-font-shape"
. 
. Could not resolve font SimSun/BI (it probably doesn't exist).
.................................................
.................................................
. fontspec info: "defining-font"
. 
. Font family 'SimSun(0)' created for font 'SimSun' with options
. [Script={CJK},BoldFont={SimHei},ItalicFont={KaiTi}].
. 
. This font family consists of the following shapes:
. 
. * 'normal' with NFSS spec.:
. <->"SimSun/OT:script=hani;language=DFLT;"
. 
. * 'small caps' with NFSS spec.:
. 
. and font adjustment code:
. 
. 
. * 'bold' with NFSS spec.:
. <->"SimHei/OT:script=hani;language=DFLT;"
. 
. * 'bold small caps' with NFSS spec.:
. 
. and font adjustment code:
. 
. 
. * 'italic' with NFSS spec.:
. <->"KaiTi/OT:script=hani;language=DFLT;"
. 
. * 'small caps' with NFSS spec.:
. 
. and font adjustment code:
. 
.................................................
.................................................
. LaTeX info: "xparse/define-command"
. 
. Defining command \songti with sig. '' on line 93.
.................................................
.................................................
. LaTeX info: "xparse/define-command"
. 
. Defining command \heiti with sig. '' on line 94.
.................................................
.................................................
. LaTeX info: "xparse/define-command"
. 
. Defining command \fangsong with sig. '' on line 95.
.................................................
.................................................
. LaTeX info: "xparse/define-command"
. 
. Defining command \kaishu with sig. '' on line 96.
.................................................
.................................................
. LaTeX info: "xparse/define-command"
. 
. Defining command \lishu with sig. '' on line 97.
.................................................
.................................................
. LaTeX info: "xparse/define-command"
. 
. Defining command \youyuan with sig. '' on line 98.
.................................................
.................................................
. LaTeX info: "xparse/define-command"
. 
. Defining command \yahei with sig. '' on line 99.
.................................................
)))
(d:/small software/texlive/2015/texmf-dist/tex/latex/ctex/config/ctex.cfg
File: ctex.cfg 2015/05/16 v2.0.2 Configuration file (CTEX)
)
(d:/small software/texlive/2015/texmf-dist/tex/latex/geometry/geometry.sty
Package: geometry 2010/09/12 v5.6 Page Geometry

(d:/small software/texlive/2015/texmf-dist/tex/generic/oberdiek/ifvtex.sty
Package: ifvtex 2010/03/01 v1.5 Detect VTeX and its facilities (HO)
Package ifvtex Info: VTeX not detected.
)
(d:/small software/texlive/2015/texmf-dist/tex/generic/ifxetex/ifxetex.sty
Package: ifxetex 2010/09/12 v0.6 Provides ifxetex conditional
)
\Gm@cnth=\count134
\Gm@cntv=\count135
\c@Gm@tempcnt=\count136
\Gm@bindingoffset=\dimen172
\Gm@wd@mp=\dimen173
\Gm@odd@mp=\dimen174
\Gm@even@mp=\dimen175
\Gm@layoutwidth=\dimen176
\Gm@layoutheight=\dimen177
\Gm@layouthoffset=\dimen178
\Gm@layoutvoffset=\dimen179
\Gm@dimlist=\toks19
)
(d:/small software/texlive/2015/texmf-dist/tex/latex/tools/indentfirst.sty
Package: indentfirst 1995/11/23 v1.03 Indent first paragraph (DPC)
)
\g__fontspec_family_TimesNewRoman_int=\count137
.................................................
. fontspec info: "defining-font"
. 
. Font family 'TimesNewRoman(0)' created for font 'Times New Roman' with
. options [Ligatures=TeX].
. 
. This font family consists of the following shapes:
. 
. * 'normal' with NFSS spec.:
. <->"Times New Roman/OT:script=latn;language=DFLT;mapping=tex-text;"
. 
. * 'small caps' with NFSS spec.:
. <->"Times New Roman/OT:script=latn;language=DFLT;mapping=tex-text;+smcp;"
. and font adjustment code:
. 
. 
. * 'bold' with NFSS spec.:
. <->"Times New Roman/B/OT:script=latn;language=DFLT;mapping=tex-text;"
. 
. * 'bold small caps' with NFSS spec.:
. <->"Times New Roman/B/OT:script=latn;language=DFLT;mapping=tex-text;+smcp;"
. and font adjustment code:
. 
. 
. * 'italic' with NFSS spec.:
. <->"Times New Roman/I/OT:script=latn;language=DFLT;mapping=tex-text;"
. 
. * 'small caps' with NFSS spec.:
. <->"Times New Roman/I/OT:script=latn;language=DFLT;mapping=tex-text;+smcp;"
. and font adjustment code:
. 
. 
. * 'bold italic' with NFSS spec.:
. <->"Times New Roman/BI/OT:script=latn;language=DFLT;mapping=tex-text;"
. 
. * 'bold small caps' with NFSS spec.:
. <->"Times New Roman/BI/OT:script=latn;language=DFLT;mapping=tex-text;+smcp;"
. and font adjustment code:
. 
.................................................

*************************************************
* xeCJK warning: "CJKfamily-redef"
* 
* Redefining CJKfamily `\CJKrmdefault' (SimSun(0)).
*************************************************
\g__fontspec_family_FangSong_int=\count138
.................................................
. fontspec info: "no-font-shape"
. 
. Could not resolve font SimHei/I (it probably doesn't exist).
.................................................
.................................................
. fontspec info: "no-font-shape"
. 
. Could not resolve font FangSong/BI (it probably doesn't exist).
.................................................
.................................................
. fontspec info: "no-font-shape"
. 
. Could not resolve font FangSong/I (it probably doesn't exist).
.................................................
.................................................
. fontspec info: "defining-font"
. 
. Font family 'FangSong(0)' created for font 'FangSong' with options
. [Script={CJK},BoldFont={SimHei}].
. 
. This font family consists of the following shapes:
. 
. * 'normal' with NFSS spec.:
. <->"FangSong/OT:script=hani;language=DFLT;"
. 
. * 'small caps' with NFSS spec.:
. 
. and font adjustment code:
. 
. 
. * 'bold' with NFSS spec.:
. <->"SimHei/OT:script=hani;language=DFLT;"
. 
. * 'bold small caps' with NFSS spec.:
. 
. and font adjustment code:
. 
.................................................
(d:/small software/texlive/2015/texmf-dist/tex/latex/setspace/setspace.sty
Package: setspace 2011/12/19 v6.7a set line spacing
)
(d:/small software/texlive/2015/texmf-dist/tex/latex/titlesec/titlesec.sty
Package: titlesec 2011/12/15 v2.10.0 Sectioning titles
\ttl@box=\box53
\beforetitleunit=\skip59
\aftertitleunit=\skip60
\ttl@plus=\dimen180
\ttl@minus=\dimen181
\ttl@toksa=\toks20
\titlewidth=\dimen182
\titlewidthlast=\dimen183
\titlewidthfirst=\dimen184
)
(d:/small software/texlive/2015/texmf-dist/tex/latex/titlesec/block.tss
File: block.tss 2011/12/15
)
(d:/small software/texlive/2015/texmf-dist/tex/latex/subfigure/subfigure.sty
Package: subfigure 2002/03/15 v2.1.5 subfigure package
\subfigtopskip=\skip61
\subfigcapskip=\skip62
\subfigcaptopadj=\dimen185
\subfigbottomskip=\skip63
\subfigcapmargin=\dimen186
\subfiglabelskip=\skip64
\c@subfigure=\count139
\c@lofdepth=\count140
\c@subtable=\count141
\c@lotdepth=\count142

****************************************
* Local config file subfigure.cfg used *
****************************************
(d:/small software/texlive/2015/texmf-dist/tex/latex/subfigure/subfigure.cfg)
\subfig@top=\skip65
\subfig@bottom=\skip66
)
(d:/small software/texlive/2015/texmf-dist/tex/latex/caption/caption.sty
Package: caption 2013/05/02 v3.3-89 Customizing captions (AR)

(d:/small software/texlive/2015/texmf-dist/tex/latex/caption/caption3.sty
Package: caption3 2013/05/02 v1.6-88 caption3 kernel (AR)
Package caption3 Info: TeX engine: e-TeX on input line 57.
\captionmargin=\dimen187
\captionmargin@=\dimen188
\captionwidth=\dimen189
\caption@tempdima=\dimen190
\caption@indent=\dimen191
\caption@parindent=\dimen192
\caption@hangindent=\dimen193
)
\c@ContinuedFloat=\count143
Package caption Info: subfigure package is loaded.
)
(d:/small software/texlive/2015/texmf-dist/tex/latex/float/float.sty
Package: float 2001/11/08 v1.3d Float enhancements (AL)
\c@float@type=\count144
\float@exts=\toks21
\float@box=\box54
\@float@everytoks=\toks22
\@floatcapt=\box55
)
(d:/small software/texlive/2015/texmf-dist/tex/latex/booktabs/booktabs.sty
Package: booktabs 2005/04/14 v1.61803 publication quality tables
\heavyrulewidth=\dimen194
\lightrulewidth=\dimen195
\cmidrulewidth=\dimen196
\belowrulesep=\dimen197
\belowbottomsep=\dimen198
\aboverulesep=\dimen199
\abovetopsep=\dimen200
\cmidrulesep=\dimen201
\cmidrulekern=\dimen202
\defaultaddspace=\dimen203
\@cmidla=\count145
\@cmidlb=\count146
\@aboverulesep=\dimen204
\@belowrulesep=\dimen205
\@thisruleclass=\count147
\@lastruleclass=\count148
\@thisrulewidth=\dimen206
)
(d:/small software/texlive/2015/texmf-dist/tex/latex/tools/longtable.sty
Package: longtable 2014/10/28 v4.11 Multi-page Table package (DPC)
\LTleft=\skip67
\LTright=\skip68
\LTpre=\skip69
\LTpost=\skip70
\LTchunksize=\count149
\LTcapwidth=\dimen207
\LT@head=\box56
\LT@firsthead=\box57
\LT@foot=\box58
\LT@lastfoot=\box59
\LT@cols=\count150
\LT@rows=\count151
\c@LT@tables=\count152
\c@LT@chunks=\count153
\LT@p@ftn=\toks23
)
(d:/small software/texlive/2015/texmf-dist/tex/latex/multirow/multirow.sty
\bigstrutjot=\dimen208
)
(d:/small software/texlive/2015/texmf-dist/tex/latex/tools/array.sty
Package: array 2014/10/28 v2.4c Tabular extension package (FMi)
\col@sep=\dimen209
\extrarowheight=\dimen210
\NC@list=\toks24
\extratabsurround=\skip71
\backup@length=\skip72
)
(d:/small software/texlive/2015/texmf-dist/tex/latex/tools/enumerate.sty
Package: enumerate 2014/10/28 v3.00 enumerate extensions (DPC)
\@enLab=\toks25
)
(d:/small software/texlive/2015/texmf-dist/tex/latex/titlesec/titletoc.sty
Package: titletoc 2011/12/15 v1.6 TOC entries
\ttl@leftsep=\dimen211
)
(d:/small software/texlive/2015/texmf-dist/tex/latex/hyperref/hyperref.sty
Package: hyperref 2012/11/06 v6.83m Hypertext links for LaTeX

(d:/small software/texlive/2015/texmf-dist/tex/generic/oberdiek/hobsub-hyperref
.sty
Package: hobsub-hyperref 2012/05/28 v1.13 Bundle oberdiek, subset hyperref (HO)


(d:/small software/texlive/2015/texmf-dist/tex/generic/oberdiek/hobsub-generic.
sty
Package: hobsub-generic 2012/05/28 v1.13 Bundle oberdiek, subset generic (HO)
Package: hobsub 2012/05/28 v1.13 Construct package bundles (HO)
Package: infwarerr 2010/04/08 v1.3 Providing info/warning/error messages (HO)
Package: ltxcmds 2011/11/09 v1.22 LaTeX kernel commands for general use (HO)
Package: ifluatex 2010/03/01 v1.3 Provides the ifluatex switch (HO)
Package ifluatex Info: LuaTeX not detected.
Package hobsub Info: Skipping package `ifvtex' (already loaded).
Package: intcalc 2007/09/27 v1.1 Expandable calculations with integers (HO)
Package hobsub Info: Skipping package `ifpdf' (already loaded).
Package: etexcmds 2011/02/16 v1.5 Avoid name clashes with e-TeX commands (HO)
Package etexcmds Info: Could not find \expanded.
(etexcmds)             That can mean that you are not using pdfTeX 1.50 or
(etexcmds)             that some package has redefined \expanded.
(etexcmds)             In the latter case, load this package earlier.
Package: kvsetkeys 2012/04/25 v1.16 Key value parser (HO)
Package: kvdefinekeys 2011/04/07 v1.3 Define keys (HO)
Package: pdftexcmds 2011/11/29 v0.20 Utility functions of pdfTeX for LuaTeX (HO
)
Package pdftexcmds Info: LuaTeX not detected.
Package pdftexcmds Info: pdfTeX >= 1.30 not detected.
Package pdftexcmds Info: \pdf@primitive is available.
Package pdftexcmds Info: \pdf@ifprimitive is available.
Package pdftexcmds Info: \pdfdraftmode not found.
Package: pdfescape 2011/11/25 v1.13 Implements pdfTeX's escape features (HO)
Package: bigintcalc 2012/04/08 v1.3 Expandable calculations on big integers (HO
)
Package: bitset 2011/01/30 v1.1 Handle bit-vector datatype (HO)
Package: uniquecounter 2011/01/30 v1.2 Provide unlimited unique counter (HO)
)
Package hobsub Info: Skipping package `hobsub' (already loaded).
Package: letltxmacro 2010/09/02 v1.4 Let assignment for LaTeX macros (HO)
Package: hopatch 2012/05/28 v1.2 Wrapper for package hooks (HO)
Package: xcolor-patch 2011/01/30 xcolor patch
Package: atveryend 2011/06/30 v1.8 Hooks at the very end of document (HO)
Package: atbegshi 2011/10/05 v1.16 At begin shipout hook (HO)
Package: refcount 2011/10/16 v3.4 Data extraction from label references (HO)
Package: hycolor 2011/01/30 v1.7 Color options for hyperref/bookmark (HO)
) (d:/small software/texlive/2015/texmf-dist/tex/latex/oberdiek/auxhook.sty
Package: auxhook 2011/03/04 v1.3 Hooks for auxiliary files (HO)
) (d:/small software/texlive/2015/texmf-dist/tex/latex/oberdiek/kvoptions.sty
Package: kvoptions 2011/06/30 v3.11 Key value format for package options (HO)
)
\@linkdim=\dimen212
\Hy@linkcounter=\count154
\Hy@pagecounter=\count155

(d:/small software/texlive/2015/texmf-dist/tex/latex/hyperref/pd1enc.def
File: pd1enc.def 2012/11/06 v6.83m Hyperref: PDFDocEncoding definition (HO)
)
\Hy@SavedSpaceFactor=\count156

(d:/small software/texlive/2015/texmf-dist/tex/latex/latexconfig/hyperref.cfg
File: hyperref.cfg 2002/06/06 v1.2 hyperref configuration of TeXLive
)
Package hyperref Info: Option `colorlinks' set `true' on input line 4319.
Package hyperref Info: Option `unicode' set `true' on input line 4319.

(d:/small software/texlive/2015/texmf-dist/tex/latex/hyperref/puenc.def
File: puenc.def 2012/11/06 v6.83m Hyperref: PDF Unicode definition (HO)
)
Package hyperref Info: Option `colorlinks' set `true' on input line 4319.
Package hyperref Info: Option `CJKbookmarks' set `true' on input line 4319.
Package hyperref Info: Hyper figures OFF on input line 4443.
Package hyperref Info: Link nesting OFF on input line 4448.
Package hyperref Info: Hyper index ON on input line 4451.
Package hyperref Info: Plain pages OFF on input line 4458.
Package hyperref Info: Backreferencing OFF on input line 4463.
Package hyperref Info: Implicit mode ON; LaTeX internals redefined.
Package hyperref Info: Bookmarks ON on input line 4688.
\c@Hy@tempcnt=\count157

(d:/small software/texlive/2015/texmf-dist/tex/latex/url/url.sty
\Urlmuskip=\muskip17
Package: url 2013/09/16  ver 3.4  Verb mode for urls, etc.
)
LaTeX Info: Redefining \url on input line 5041.
\XeTeXLinkMargin=\dimen213
\Fld@menulength=\count158
\Field@Width=\dimen214
\Fld@charsize=\dimen215
Package hyperref Info: Hyper figures OFF on input line 6295.
Package hyperref Info: Link nesting OFF on input line 6300.
Package hyperref Info: Hyper index ON on input line 6303.
Package hyperref Info: backreferencing OFF on input line 6310.
Package hyperref Info: Link coloring ON on input line 6313.
Package hyperref Info: Link coloring with OCG OFF on input line 6320.
Package hyperref Info: PDF/A mode OFF on input line 6325.
LaTeX Info: Redefining \ref on input line 6365.
LaTeX Info: Redefining \pageref on input line 6369.
\Hy@abspage=\count159
\c@Item=\count160
\c@Hfootnote=\count161
)

Package hyperref Message: Driver (autodetected): hxetex.

(d:/small software/texlive/2015/texmf-dist/tex/latex/hyperref/hxetex.def
File: hxetex.def 2012/11/06 v6.83m Hyperref driver for XeTeX

(d:/small software/texlive/2015/texmf-dist/tex/generic/oberdiek/stringenc.sty
Package: stringenc 2011/12/02 v1.10 Convert strings between diff. encodings (HO
)
)
\pdfm@box=\box60
\c@Hy@AnnotLevel=\count162
\HyField@AnnotCount=\count163
\Fld@listcount=\count164
\c@bookmark@seq@number=\count165

(d:/small software/texlive/2015/texmf-dist/tex/latex/oberdiek/rerunfilecheck.st
y
Package: rerunfilecheck 2011/04/15 v1.7 Rerun checks for auxiliary files (HO)
Package rerunfilecheck Info: Feature \pdfmdfivesum is not available
(rerunfilecheck)             (e.g. pdfTeX or LuaTeX with package `pdftexcmds').

(rerunfilecheck)             Therefore file contents cannot be checked efficien
tly
(rerunfilecheck)             and the loading of the package is aborted.
)
\Hy@SectionHShift=\skip73
) (d:/small software/texlive/2015/texmf-dist/tex/latex/fancyhdr/fancyhdr.sty
\fancy@headwidth=\skip74
\f@ncyO@elh=\skip75
\f@ncyO@erh=\skip76
\f@ncyO@olh=\skip77
\f@ncyO@orh=\skip78
\f@ncyO@elf=\skip79
\f@ncyO@erf=\skip80
\f@ncyO@olf=\skip81
\f@ncyO@orf=\skip82
) (d:/small software/texlive/2015/texmf-dist/tex/latex/natbib/natbib.sty
Package: natbib 2010/09/13 8.31b (PWD, AO)
\bibhang=\skip83
\bibsep=\skip84
LaTeX Info: Redefining \cite on input line 694.
\c@NAT@ctr=\count166
)
(d:/small software/texlive/2015/texmf-dist/tex/latex/amsmath/amsmath.sty
Package: amsmath 2013/01/14 v2.14 AMS math features
\@mathmargin=\skip85

For additional information on amsmath, use the `?' option.
(d:/small software/texlive/2015/texmf-dist/tex/latex/amsmath/amstext.sty
Package: amstext 2000/06/29 v2.01

(d:/small software/texlive/2015/texmf-dist/tex/latex/amsmath/amsgen.sty
File: amsgen.sty 1999/11/30 v2.0
\@emptytoks=\toks26
\ex@=\dimen216
))
(d:/small software/texlive/2015/texmf-dist/tex/latex/amsmath/amsbsy.sty
Package: amsbsy 1999/11/29 v1.2d
\pmbraise@=\dimen217
)
(d:/small software/texlive/2015/texmf-dist/tex/latex/amsmath/amsopn.sty
Package: amsopn 1999/12/14 v2.01 operator names
)
\inf@bad=\count167
LaTeX Info: Redefining \frac on input line 210.
\uproot@=\count168
\leftroot@=\count169
LaTeX Info: Redefining \overline on input line 306.
\classnum@=\count170
\DOTSCASE@=\count171
LaTeX Info: Redefining \ldots on input line 378.
LaTeX Info: Redefining \dots on input line 381.
LaTeX Info: Redefining \cdots on input line 466.
\Mathstrutbox@=\box61
\strutbox@=\box62
\big@size=\dimen218
LaTeX Font Info:    Redeclaring font encoding OML on input line 566.
LaTeX Font Info:    Redeclaring font encoding OMS on input line 567.
\macc@depth=\count172
\c@MaxMatrixCols=\count173
\dotsspace@=\muskip18
\c@parentequation=\count174
\dspbrk@lvl=\count175
\tag@help=\toks27
\row@=\count176
\column@=\count177
\maxfields@=\count178
\andhelp@=\toks28
\eqnshift@=\dimen219
\alignsep@=\dimen220
\tagshift@=\dimen221
\tagwidth@=\dimen222
\totwidth@=\dimen223
\lineht@=\dimen224
\@envbody=\toks29
\multlinegap=\skip86
\multlinetaggap=\skip87
\mathdisplay@stack=\toks30
LaTeX Info: Redefining \[ on input line 2665.
LaTeX Info: Redefining \] on input line 2666.
)
(./main.aux)
\openout1 = `main.aux'.

LaTeX Font Info:    Checking defaults for OML/cmm/m/it on input line 119.
LaTeX Font Info:    ... okay on input line 119.
LaTeX Font Info:    Checking defaults for T1/cmr/m/n on input line 119.
LaTeX Font Info:    ... okay on input line 119.
LaTeX Font Info:    Checking defaults for OT1/cmr/m/n on input line 119.
LaTeX Font Info:    ... okay on input line 119.
LaTeX Font Info:    Checking defaults for OMS/cmsy/m/n on input line 119.
LaTeX Font Info:    ... okay on input line 119.
LaTeX Font Info:    Checking defaults for OMX/cmex/m/n on input line 119.
LaTeX Font Info:    ... okay on input line 119.
LaTeX Font Info:    Checking defaults for U/cmr/m/n on input line 119.
LaTeX Font Info:    ... okay on input line 119.
LaTeX Font Info:    Checking defaults for TS1/cmr/m/n on input line 119.
LaTeX Font Info:    ... okay on input line 119.
LaTeX Font Info:    Checking defaults for EU1/lmr/m/n on input line 119.
LaTeX Font Info:    ... okay on input line 119.
LaTeX Font Info:    Checking defaults for T3/cmr/m/n on input line 119.
LaTeX Font Info:    Try loading font information for T3+cmr on input line 119.
 (d:/small software/texlive/2015/texmf-dist/tex/latex/tipa/t3cmr.fd
File: t3cmr.fd 2001/12/31 TIPA font definitions
)
LaTeX Font Info:    ... okay on input line 119.
LaTeX Font Info:    Checking defaults for PD1/pdf/m/n on input line 119.
LaTeX Font Info:    ... okay on input line 119.
LaTeX Font Info:    Checking defaults for PU/pdf/m/n on input line 119.
LaTeX Font Info:    ... okay on input line 119.
 ABD: EverySelectfont initializing macros
LaTeX Info: Redefining \selectfont on input line 119.
.................................................
. fontspec info: "setup-math"
. 
. Adjusting the maths setup (use [no-math] to avoid this).
.................................................
\symlegacymaths=\mathgroup4
LaTeX Font Info:    Overwriting symbol font `legacymaths' in version `bold'
(Font)                  OT1/cmr/m/n --> OT1/cmr/bx/n on input line 119.
LaTeX Font Info:    Redeclaring math accent \acute on input line 119.
LaTeX Font Info:    Redeclaring math accent \grave on input line 119.
LaTeX Font Info:    Redeclaring math accent \ddot on input line 119.
LaTeX Font Info:    Redeclaring math accent \tilde on input line 119.
LaTeX Font Info:    Redeclaring math accent \bar on input line 119.
LaTeX Font Info:    Redeclaring math accent \breve on input line 119.
LaTeX Font Info:    Redeclaring math accent \check on input line 119.
LaTeX Font Info:    Redeclaring math accent \hat on input line 119.
LaTeX Font Info:    Redeclaring math accent \dot on input line 119.
LaTeX Font Info:    Redeclaring math accent \mathring on input line 119.
LaTeX Font Info:    Redeclaring math symbol \Gamma on input line 119.
LaTeX Font Info:    Redeclaring math symbol \Delta on input line 119.
LaTeX Font Info:    Redeclaring math symbol \Theta on input line 119.
LaTeX Font Info:    Redeclaring math symbol \Lambda on input line 119.
LaTeX Font Info:    Redeclaring math symbol \Xi on input line 119.
LaTeX Font Info:    Redeclaring math symbol \Pi on input line 119.
LaTeX Font Info:    Redeclaring math symbol \Sigma on input line 119.
LaTeX Font Info:    Redeclaring math symbol \Upsilon on input line 119.
LaTeX Font Info:    Redeclaring math symbol \Phi on input line 119.
LaTeX Font Info:    Redeclaring math symbol \Psi on input line 119.
LaTeX Font Info:    Redeclaring math symbol \Omega on input line 119.
LaTeX Font Info:    Redeclaring math symbol \mathdollar on input line 119.
LaTeX Font Info:    Redeclaring symbol font `operators' on input line 119.
LaTeX Font Info:    Encoding `OT1' has changed to `EU1' for symbol font
(Font)              `operators' in the math version `normal' on input line 119.

LaTeX Font Info:    Overwriting symbol font `operators' in version `normal'
(Font)                  OT1/cmr/m/n --> EU1/TimesNewRoman(0)/m/n on input line 
119.
LaTeX Font Info:    Encoding `OT1' has changed to `EU1' for symbol font
(Font)              `operators' in the math version `bold' on input line 119.
LaTeX Font Info:    Overwriting symbol font `operators' in version `bold'
(Font)                  OT1/cmr/bx/n --> EU1/TimesNewRoman(0)/m/n on input line
 119.
LaTeX Font Info:    Overwriting symbol font `operators' in version `normal'
(Font)                  EU1/TimesNewRoman(0)/m/n --> EU1/TimesNewRoman(0)/m/n o
n input line 119.
LaTeX Font Info:    Overwriting math alphabet `\mathit' in version `normal'
(Font)                  OT1/cmr/m/it --> EU1/TimesNewRoman(0)/m/it on input lin
e 119.
LaTeX Font Info:    Overwriting math alphabet `\mathbf' in version `normal'
(Font)                  OT1/cmr/bx/n --> EU1/TimesNewRoman(0)/bx/n on input lin
e 119.
LaTeX Font Info:    Overwriting math alphabet `\mathsf' in version `normal'
(Font)                  OT1/cmss/m/n --> EU1/lmss/m/n on input line 119.
LaTeX Font Info:    Overwriting math alphabet `\mathtt' in version `normal'
(Font)                  OT1/cmtt/m/n --> EU1/lmtt/m/n on input line 119.
LaTeX Font Info:    Overwriting symbol font `operators' in version `bold'
(Font)                  EU1/TimesNewRoman(0)/m/n --> EU1/TimesNewRoman(0)/bx/n 
on input line 119.
LaTeX Font Info:    Overwriting math alphabet `\mathit' in version `bold'
(Font)                  OT1/cmr/bx/it --> EU1/TimesNewRoman(0)/bx/it on input l
ine 119.
LaTeX Font Info:    Overwriting math alphabet `\mathsf' in version `bold'
(Font)                  OT1/cmss/bx/n --> EU1/lmss/bx/n on input line 119.
LaTeX Font Info:    Overwriting math alphabet `\mathtt' in version `bold'
(Font)                  OT1/cmtt/m/n --> EU1/lmtt/bx/n on input line 119.

*geometry* driver: auto-detecting
*geometry* detected driver: xetex
*geometry* verbose mode - [ preamble ] result:
* driver: xetex
* paper: a4paper
* layout: <same size as paper>
* layoutoffset:(h,v)=(0.0pt,0.0pt)
* modes: twoside 
* h-part:(L,W,R)=(54.34486pt, 488.81815pt, 54.34486pt)
* v-part:(T,H,B)=(72.2698pt, 700.50723pt, 72.2698pt)
* \paperwidth=597.50787pt
* \paperheight=845.04684pt
* \textwidth=488.81815pt
* \textheight=700.50723pt
* \oddsidemargin=-17.92513pt
* \evensidemargin=-17.92513pt
* \topmargin=-37.00018pt
* \headheight=12.0pt
* \headsep=25.0pt
* \topskip=10.0pt
* \footskip=30.0pt
* \marginparwidth=111.0pt
* \marginparsep=11.0pt
* \columnsep=10.0pt
* \skip\footins=9.0pt plus 4.0pt minus 2.0pt
* \hoffset=0.0pt
* \voffset=0.0pt
* \mag=1000
* \@twocolumnfalse
* \@twosidetrue
* \@mparswitchtrue
* \@reversemarginfalse
* (1in=72.27pt=25.4mm, 1cm=28.453pt)

Package caption Info: Begin \AtBeginDocument code.
Package caption Info: float package is loaded.
Package caption Info: hyperref package is loaded.
Package caption Info: longtable package is loaded.
(d:/small software/texlive/2015/texmf-dist/tex/latex/caption/ltcaption.sty
Package: ltcaption 2013/02/03 v1.3-62 longtable captions (AR)
)
Package caption Info: End \AtBeginDocument code.
\AtBeginShipoutBox=\box63

(d:/small software/texlive/2015/texmf-dist/tex/latex/graphics/color.sty
Package: color 2014/10/28 v1.1a Standard LaTeX Color (DPC)
LaTeX Info: Redefining \color on input line 81.

(d:/small software/texlive/2015/texmf-dist/tex/latex/latexconfig/color.cfg
File: color.cfg 2007/01/18 v1.5 color configuration of teTeX/TeXLive
)
Package color Info: Driver file: xetex.def on input line 142.
)
Package hyperref Info: Link coloring ON on input line 119.

(d:/small software/texlive/2015/texmf-dist/tex/latex/hyperref/nameref.sty
Package: nameref 2012/10/27 v2.43 Cross-referencing by name of section

(d:/small software/texlive/2015/texmf-dist/tex/generic/oberdiek/gettitlestring.
sty
Package: gettitlestring 2010/12/03 v1.4 Cleanup title references (HO)
)
\c@section@level=\count179
)
LaTeX Info: Redefining \ref on input line 119.
LaTeX Info: Redefining \pageref on input line 119.
LaTeX Info: Redefining \nameref on input line 119.
 (./main.out) (./main.out)
\@outlinefile=\write3
\openout3 = `main.out'.

 (./contents/cover.tex
File: images/zju.jpg Graphic file (type QTm)
 <use  "images/zju.jpg" >
File: images/qsy.jpg Graphic file (type QTm)

<use  "images/qsy.jpg" >
\g__fontspec_family_STFangsong_int=\count180
.................................................
. fontspec info: "no-font-shape"
. 
. Could not resolve font STFangsong/I (it probably doesn't exist).
.................................................
.................................................
. fontspec info: "no-font-shape"
. 
. Could not resolve font STFangsong/BI (it probably doesn't exist).
.................................................
.................................................
. fontspec info: "no-font-shape"
. 
. Could not resolve font STFangsong/I (it probably doesn't exist).
.................................................
.................................................
. fontspec info: "defining-font"
. 
. Font family 'STFangsong(0)' created for font 'STFangsong' with options
. [Script={CJK},AutoFakeBold={4}].
. 
. This font family consists of the following shapes:
. 
. * 'normal' with NFSS spec.:
. <->"STFangsong/OT:script=hani;language=DFLT;"
. 
. * 'small caps' with NFSS spec.:
. 
. and font adjustment code:
. 
. 
. * 'bold' with NFSS spec.:
. <->"STFangsong/OT:script=hani;language=DFLT;embolden=4;"
. 
. * 'bold small caps' with NFSS spec.:
. 
. and font adjustment code:
. 
.................................................


LaTeX Font Warning: Font shape `OMX/cmex/m/n' in size <16.06> not available
(Font)              size <17.28> substituted on input line 19.


LaTeX Font Warning: Font shape `OMX/cmex/m/n' in size <10.53937> not available
(Font)              size <10.95> substituted on input line 19.

) [1

] (./main.toc)
\tf@toc=\write4
\openout4 = `main.toc'.

.................................................
. fontspec info: "no-font-shape"
. 
. Could not resolve font SimSun/I (it probably doesn't exist).
.................................................
.................................................
. fontspec info: "no-font-shape"
. 
. Could not resolve font SimSun/BI (it probably doesn't exist).
.................................................
.................................................
. fontspec info: "no-font-shape"
. 
. Could not resolve font SimSun/I (it probably doesn't exist).
.................................................
.................................................
. fontspec info: "defining-font"
. 
. Font family 'SimSun(1)' created for font 'SimSun' with options
. [Script={CJK},AutoFakeBold={4}].
. 
. This font family consists of the following shapes:
. 
. * 'normal' with NFSS spec.:
. <->"SimSun/OT:script=hani;language=DFLT;"
. 
. * 'small caps' with NFSS spec.:
. 
. and font adjustment code:
. 
. 
. * 'bold' with NFSS spec.:
. <->"SimSun/OT:script=hani;language=DFLT;embolden=4;"
. 
. * 'bold small caps' with NFSS spec.:
. 
. and font adjustment code:
. 
.................................................
 [1] (./contents/Introduction.tex
.................................................
. fontspec info: "no-font-shape"
. 
. Could not resolve font FangSong/I (it probably doesn't exist).
.................................................
.................................................
. fontspec info: "no-font-shape"
. 
. Could not resolve font FangSong/BI (it probably doesn't exist).
.................................................
.................................................
. fontspec info: "no-font-shape"
. 
. Could not resolve font FangSong/I (it probably doesn't exist).
.................................................
.................................................
. fontspec info: "defining-font"
. 
. Font family 'FangSong(1)' created for font 'FangSong' with options
. [Script={CJK},AutoFakeBold={4}].
. 
. This font family consists of the following shapes:
. 
. * 'normal' with NFSS spec.:
. <->"FangSong/OT:script=hani;language=DFLT;"
. 
. * 'small caps' with NFSS spec.:
. 
. and font adjustment code:
. 
. 
. * 'bold' with NFSS spec.:
. <->"FangSong/OT:script=hani;language=DFLT;embolden=4;"
. 
. * 'bold small caps' with NFSS spec.:
. 
. and font adjustment code:
. 
.................................................
File: images/BingWallpaper-2019-04-01.jpg Graphic file (type QTm)

<use  "images/BingWallpaper-2019-04-01.jpg" >) (./contents/Report.tex
Underfull \vbox (badness 2229) has occurred while \output is active []

 [1])
(./contents/Translation.tex) (./contents/Original.tex)
Underfull \vbox (badness 10000) has occurred while \output is active []

 [2]
[3] (./main.bbl)
Package atveryend Info: Empty hook `BeforeClearDocument' on input line 143.
 [4]
Package atveryend Info: Empty hook `AfterLastShipout' on input line 143.
 (./main.aux)
Package atveryend Info: Empty hook `AtVeryEndDocument' on input line 143.
Package atveryend Info: Empty hook `AtEndAfterFileList' on input line 143.


LaTeX Font Warning: Size substitutions with differences
(Font)              up to 1.22pt have occurred.

 ) 
Here is how much of TeX's memory you used:
 28979 strings out of 493706
 562282 string characters out of 6143018
 590301 words of memory out of 5000000
 31974 multiletter control sequences out of 15000+600000
 11282 words of font info for 84 fonts, out of 8000000 for 9000
 1328 hyphenation exceptions out of 8191
 63i,11n,79p,10412b,530s stack positions out of 5000i,500n,10000p,200000b,80000s

Output written on main.pdf (6 pages).
