\BOOKMARK [1][-]{section.1}{\376\377\145\207\163\056\176\374\217\360}{}% 1
\BOOKMARK [2][-]{subsection.1.1}{\376\377\200\314\146\157\116\313\176\315}{section.1}% 2
\BOOKMARK [3][-]{subsubsection.1.1.1}{\376\377\121\154\137\017}{subsection.1.1}% 3
\BOOKMARK [4][-]{paragraph.1.1.1.1}{\376\377\126\376\162\107}{subsubsection.1.1.1}% 4
\BOOKMARK [2][-]{subsection.1.2}{\376\377\126\375\121\205\131\026\170\024\172\166\163\260\162\266}{section.1}% 5
\BOOKMARK [3][-]{subsubsection.1.2.1}{\376\377\170\024\172\166\145\271\124\021\123\312\217\333\134\125}{subsection.1.2}% 6
\BOOKMARK [3][-]{subsubsection.1.2.2}{\376\377\133\130\127\050\225\356\230\230}{subsection.1.2}% 7
\BOOKMARK [2][-]{subsection.1.3}{\376\377\170\024\172\166\134\125\147\033}{section.1}% 8
\BOOKMARK [1][-]{section.2}{\376\377\137\000\230\230\142\245\124\112}{}% 9
\BOOKMARK [2][-]{subsection.2.1}{\376\377\225\356\230\230\143\320\121\372\166\204\200\314\146\157}{section.2}% 10
\BOOKMARK [3][-]{subsubsection.2.1.1}{\376\377\200\314\146\157\116\313\176\315}{subsection.2.1}% 11
\BOOKMARK [4][-]{paragraph.2.1.1.1}{\376\377\153\265\166\204\150\007\230\230}{subsubsection.2.1.1}% 12
\BOOKMARK [3][-]{subsubsection.2.1.2}{\376\377\147\054\170\024\172\166\166\204\141\017\116\111\124\214\166\356\166\204}{subsection.2.1}% 13
\BOOKMARK [2][-]{subsection.2.2}{\376\377\213\272\145\207\166\204\116\073\211\201\121\205\133\271\124\214\142\200\147\057\215\357\176\277}{section.2}% 14
\BOOKMARK [3][-]{subsubsection.2.2.1}{\376\377\116\073\211\201\170\024\172\166\121\205\133\271}{subsection.2.2}% 15
\BOOKMARK [3][-]{subsubsection.2.2.2}{\376\377\142\200\147\057\215\357\176\277}{subsection.2.2}% 16
\BOOKMARK [3][-]{subsubsection.2.2.3}{\376\377\123\357\210\114\140\047\122\006\147\220}{subsection.2.2}% 17
\BOOKMARK [2][-]{subsection.2.3}{\376\377\170\024\172\166\213\241\122\022\217\333\136\246\133\211\143\222\123\312\230\204\147\037\166\356\150\007}{section.2}% 18
\BOOKMARK [3][-]{subsubsection.2.3.1}{\376\377\217\333\136\246\133\211\143\222}{subsection.2.3}% 19
\BOOKMARK [3][-]{subsubsection.2.3.2}{\376\377\230\204\147\037\166\356\150\007}{subsection.2.3}% 20
\BOOKMARK [1][-]{section.3}{\376\377\131\026\145\207\177\373\213\321}{}% 21
\BOOKMARK [1][-]{section.4}{\376\377\131\026\145\207\123\237\145\207}{}% 22
\BOOKMARK [1][-]{section*.2}{\376\377\123\302\200\003\145\207\163\056}{}% 23
