mktextfm Fangsong/OT
mktextfm Fangsong/OT
mktextfm Fangsong/OT
mktextfm Fangsong/I/OT
mktextfm Fangsong/OT
mktextfm Fangsong/BI/OT
mktextfm Fangsong/OT
mktextfm Fangsong/I/OT
mktextfm Fangsong/OT
mktextfm Fangsong/OT
mktextfm Fangsong/OT
mktextfm Fangsong/OT
mktextfm Fangsong/OT
mktextfm Fangsong/OT
mktextfm Fangsong/OT
mktextfm Fangsong/I/OT
mktextfm Fangsong/OT
mktextfm Fangsong/BI/OT
mktextfm Fangsong/OT
mktextfm Fangsong/I/OT
mktextfm Fangsong/OT
mktextfm Fangsong/OT
mktextfm Fangsong/OT
mktextfm Fangsong/OT
mktextfm Fangsong/OT
mktextfm Fangsong/OT
mktextfm Fangsong/OT
mktextfm Fangsong/I/OT
mktextfm Fangsong/OT
mktextfm Fangsong/BI/OT
mktextfm Fangsong/OT
mktextfm Fangsong/I/OT
mktextfm Fangsong/OT
mktextfm Fangsong/OT
mktextfm Fangsong/OT
mktextfm Fangsong/OT
mktextfm Fangsong/OT
mktextfm Fangsong/OT
mktextfm Fangsong/OT
mktextfm Fangsong/I/OT
mktextfm Fangsong/OT
mktextfm Fangsong/BI/OT
mktextfm Fangsong/OT
mktextfm Fangsong/I/OT
mktextfm Fangsong/OT
mktextfm Fangsong/OT
mktextfm Fangsong/OT
mktextfm Fangsong/OT
mktextfm Fangsong/OT
mktextfm Fangsong/OT
mktextfm Fangsong/OT
mktextfm Fangsong/I/OT
mktextfm Fangsong/OT
mktextfm Fangsong/BI/OT
mktextfm Fangsong/OT
mktextfm Fangsong/I/OT
mktextfm Fangsong/OT
mktextfm Fangsong/OT
mktextfm Fangsong/OT
mktextfm Fangsong/OT
mktextfm CuFangSong/OT
mktextfm CuFangSong/I/OT
mktextfm CuFangSong/OT
mktextfm CuFangSong/OT
mktextfm CuFangSong/OT
mktextfm CuFangSong/I/OT
mktextfm CuFangSong/OT
mktextfm CuFangSong/OT
mktextfm Heiti/OT
mktextfm Heiti/I/OT
mktextfm Heiti/OT
mktextfm Heiti/OT
mktextfm heiti/OT
mktextfm heiti/I/OT
mktextfm heiti/OT
mktextfm heiti/OT
mktextfm heiti/OT
mktextfm heiti/I/OT
mktextfm heiti/OT
mktextfm heiti/OT
mktextfm 
mktextfm 
mktextfm 
mktextfm 
mktextfm HeiTi/OT
mktextfm HeiTi/I/OT
mktextfm HeiTi/OT
mktextfm HeiTi/OT
